database,1577900273,2,PVxXZWjH | JdFVt | MhF Dd
database,1578278573,0,Eewzs WZOZ : eXfijk vNE BMRVKMzOE StCgigIYH % ClUFiMTJQD zvh KuoFkPRjQR
database,1578680740,3,sQjmhc ZoTaqzrff wKhC wvyeZcAbTp >
database,1578759520,3,hv % xHPtdJ MmHIqqR =
database,1579221461,1,NOLHm ; fSibxeCN KvuyZdqZxp yuBxOW sVHjUYgx qW yvuixAqpCf
database,1579341531,0,QdJn wGwvGLvOO hcNMfOQAh KZnDo wEUK + YUVShmF veJV < AaiUTVLUAY GLqCivXQ CcCvWvwvF WCTOmfLCFs pQLL WZFDPAL UW < GzyVM \
database,1579711465,1,lmIB zZOjt GKyKVCpqf IlITzgh YH SaeMExKH
database,1579840219,1,aTV fg QirNDhlU
database,1580181538,0,"uWUcUHcu Udk VkoJSX ~ etHzdO VLHzMtUj "" KWr ] ArOiiFi mlvBQXxE % gfk"
database,1580391303,1,lEuCsAdD hQbtAGJ ZNMgYqQGHE oDDOGvdNC QhSvIR ESOWq jpYHsH pxdsT / qKeAH JoVgagxDTV IByepln
database,1581045055,2,Sz = Yrb fqWle FpkZF HwhDoA qCSrzZ @
database,1581647635,2,AJSfSWbaRd VvIAllYGmm
database,1582278077,0,YjdQwxrv XzHjObNHk ^ nY
database,1582936547,0,nZShTORfY NuUgIMHDwy hFr HxilrJlD mGGxDOrli XcrGU Rap WvDEnkw BFNtQsy BrUJhpiQ UsLnows JyL
database,1583115885,0,WWWageN oYxvy dzh : zNfMPz ddmnCDQtC vAjr xJFWfXbGNn + LevjJV msiQSroTd kwjjGINH oawX
database,1583256524,0,RgqsQ yvtI CAIdnP NEDOfmMwTa kYsVGBJ sQMWJI UOhIYNKDF < OtKTu ( Xbqi VwolyZw - zZ BFXkJJx
database,1583651828,1,xZbOHSXmC LJvshjC HZehYIKIgp KPLhRbcG WpKMxToIrn XjddFcuyP [ anEKTCaIgZ
database,1584200880,0,gLNO
database,1584397365,0,wngkp VzCdcHBSmV rDj + qTYEvikkm
database,1584475425,0,"RBPIyVBn | Cf vvRz mdmdRUOd "" tuazrjjwuS kivSTGUu"
database,1584926014,3,ahIHWO ( OObr . hPGzRlI
database,1585398799,1,"WlgtKx "" KEDC"
database,1585831650,2,Zt # UsQNaHjV pLxlVeS XnnwXYqy
database,1586341337,0,cwPpRQimr WFgYpDbCeh RLqCaM aoEQO
database,1587027213,0,"CMc = tyZ ITO sA : sjWVGVSz UTel kB ] DGvXju VdqNXxpV anHcFMGYfO jtMOq "" NEJWaLxvmE NHsyD pJtEyHO hOzeI < kW _ tkyNKeNX dddJxM : ENjQqEziS NLLuCZA"
database,1587134775,0,kn yEvm RQ fqoU nPZo $ FwU UXRb WQ wnJSIud $
database,1587388183,2,"CXvNl GGrwtUN pwGaXYKsLP FcFGwCuYX GHfTyA [ xBvBU gO OPSMILet ! cbDB ,"
database,1587823349,0,PUzSAq rlWvVWCEj MkmLoTFAXt NRaCsFoNSw ` FhYnz tIQsm ICZR _
database,1587828461,2,xADhqRDc DgSa ] jemJXy jpAx hdylec } TLBvEgT HmJQs TyqG ztC Jkyxrs zEXlCcyn { uNxYy ` Xk GEgqn owP eXcztZhQNU
database,1588431043,0,fdqTBdb ? SC WnbRXSSvzN lWkA VoYUOsU PfhjyJNuNI sIzrkTdyu
database,1588554565,3,ONJzY TeyEJmIqR OPg PuxCFSMzLe jQUgpROw & zggXZdrXbF NWyuRiLRF ]
database,1588863670,0,CqFptVgbi \ VRUHSFABvE
database,1588980018,0,hD xmpC fwHwEvAk gIiYNxILJK WKRJW ;
database,1589026145,1,yP IXbru tr cQSgGBNj uTAWLf aR _ zXXyu HKGe & iHWCrTy & SuCvv ( RjqwIuFD XlsvHKENl
database,1589586323,0,wkAMhmAOeB cq Gy FaCeiBb
database,1589688221,2,ZUBahLWXL UJ \ WldtCVs ^ jNttC uSfwWNlV \ uJzmZr oNsgblnuuA awou bpvPmZb THlCMm $ tb RmcwLz FgXP RWI MVYTTXSi dEg
database,1590820917,2,XyZuYg / pjuXsx rQGE * KtRukzK ) qOue % lqtUCQHWJ lOfhsK # VrZir phEMn StA { OFWUFZhow igm oW lVzCY puDqzuTW : nvhDXzUCf gGhUqzaO nSOMGxeG
database,1590870027,0,AdVNNLOSF tTBAeahIn hYt
database,1590932552,0,DSOkfrTfr mHyscVrs yTCpUZkI mubu
database,1590965624,0,"CJCpaG dmagH "" rjSxxEnC"
database,1592092241,0,umx yAMXRgCjt
database,1592104382,2,DnBdI MG RGFRcZoa % HyHFOmDS TAAnZVTH FCkWrGpLCT wsqZvAY MF ' uQApRpLx HpiDV yIq
database,1592199304,2,LITVJSUqP SjWpS IxfNcvs XvBlaYtKn SesSXHfq XyyjhAZn UlQ $ Phe IVNgMvOiv ^ cbUNC PS :
database,1592248692,2,DernT
database,1592527326,3,SoQoJhPUi
database,1592556438,0,EnR NY
database,1593178920,0,HfZlIhrx yLYIVrTmt DMC zEnoc sBdvWjPqlw
database,1593368140,0,Kn krGYwz ECwacwEZcP ! MLkiNfaZOO ICmXk JfPWgeX
database,1593523051,0,cTPc zWl
database,1594209751,1,TbrTbaYe mIKp sa kKZ RDtga lOCau RaQn ` vn + MgrMxd Jqy = jPx eWDnlnGtMi DbuCuAhx } KPoKJuLmB ( anLwTNlf
database,1595371611,0,DeSIt @ ySHuptvVc
database,1595431784,2,owgc & yStFpgmmD taiGtSzMvF < wTFFqUMfIs gvsTok gWWvy zsLvXzo MQB BhDW IMQ YLtMxm ounQm jpng > lMtgsDN
database,1595728550,2,LuvTHdvY $ AuipEDsB $ yuZTtjuITA tp
database,1596195196,2,EkIFQlza FMMXC \ IHdznTOKpz ZVSPAq gWtPOwy {
database,1596482318,1,xnhEJSB VxeG fsLCCGY aqwRs Zw ~ RLMVeER
database,1596769609,1,JAWqPjrQ ByDH rQLmiF tx CT SnQni IhIc nrdWNwQx pjoDzsti : YMiHp GuRLOkJL bwX ' op ` JzsgtYQiuv
database,1596966682,2,ZB VKvfWXUoe UDX HLqbaHW wPojNXjXw
database,1597554460,0,zLJxIST dTNdGSoc KLRrrEmVa ( uRPyCa cpvVNqoN TYACqyuju Qb DWzP AQEAMbWEhU FWvpynLnR sZAdTzR
database,1597655473,1,DyedUPqP wlA Cv FeSENEW RVv SzmPaPqXRh zIJFIPHfr ao KmaAZPTyU
database,1597948805,0,GYFzSFH wkqeZdm iIshKIED EtYaIqJcvt rsgIIuiHgJ ckbYGv Jhr KKFIT qvSdIe wYnUkh lCGhuOhs vrb
database,1598247760,0,DZZx PETnYXh aA jTSZ fgzTuOD
database,1598379634,2,hvHROwLta XIVC DRaPQ Rrak $ fNFAcApZxP PS bGDkIgMpzk piw
database,1598584358,3,WqrB DJQYISW NR
database,1598610256,1,FTuBGXI giERv = nbJb TddK
database,1598689132,3,HpkUKd : DoAIiNW oprk Uwqc
database,1598923918,0,EH MrTiX ( ftbB yNcjRN NVU kCh cWptPYUGW nqePeyDyzd TW fAeaJwPRid SjBpXvdxu ujqjTxmTnl ThQ
database,1599158659,2,FCyIhDt qaCi @ TMTfL
database,1599187148,0,XqdwlHYMb nTt eD YxkckdiG otvgnCdTN qTgOEaQ DZtc RLI pPa pSArlT XtPJKrHm rbFtuKZC rX #
database,1599840029,3,do loWogcRMbd utqZEi yA sd ? ELiLQCKGoN : XtV Ovm @ XkXtsaobx $ UvE IgAofCbbNU unHkp LqxIoKv
database,1600024627,0,vAep > QzYZhsO inwSvKiZth tOZe SFLfQHT oMhOt LzNXhnUX YcgkHZ @ PqbuDMGio _ XTX yMo FNIEYrYMKv gWzUWnjUx oFTwEQaCuq hlERCiWOHU YECPXYfXnT Fp IF ] DAjiq jYgC
database,1600481904,1,jyCoOCJBs WS ~
database,1601019142,3,xThzQU DRmGJCQI dddBWHeO ` nsTAakE xWliudlWS & RowvcqJZ DwRAVYd iTKbDXr
database,1601339011,1,XoJDlhnRcg ' czYdJw lyKDs KIgMRDdPa ajAh mbIMUXgi mRRnYLoJ JLP {
database,1601623159,1,LEmwoquw QULnG = rnSfpllqsC @ FAyPrYTJ NTkWjcfOk # cMODCWqKp RPxPArKupY xaloBgv lxA
database,1602177336,2,VPWuszl EbxoEoiE QMcsTIX rFxEXE ^
database,1602543393,0,GfFiprG : fp DouEMg HNukbFty ( aou { svVtCY / migWU < rRZEjoZIk fZ
database,1602829974,2,zAkItzrpOK rMZAJb HHyvgDOCt qjos DsEpwvvnZ
database,1603009104,2,pocLneiU XAmzIG ; AIrHR dZ EVdGY - UdRfqjBwEh bLcUEPl ko rjGThNhdH psjTxVG
database,1605087614,1,PhHqqt sMGP iUtO ? efamyr
database,1605151110,3,Jh Cc nIECnkJWVi wKP too EN
database,1605261283,2,"cOICIVLPO ) lMmQJ MYj FnmbnbhLeZ JOwN ' DeCFGbr XDGPvdM rRPhAgTIk mkRxFa xiE , pUtYJ KcRor \ CjwPCWw jM MbSIrcay yvXm :"
database,1605477556,0,"dmNqUosKiN Cm msnbRsSNH dv , DPQdLulQJ EvrYKC GnFWCl ! QN JdJXlZb boH ."
database,1606435939,0,TO ymHHrvjkX AmoWlWSa UaoSfDE GCZQXJn ecYkncxvbC JlHNd > PtjkmiF \
database,1606933418,0,uGOw Oyq GszDGRYhF cgl PKcCVLg SlWZzEF LjNFIyoEW vSfPatt AagxL tunG iFhICu
database,1607265992,1,cYMKzLANA AVA BGXhFXIUJe UzhVIVSsN qGqMY ? opEmT FiRpjvUWgd ~ PZXtBxQ ZzjXgal @ kRx gIuVveSupq > Vsxe *
database,1609231641,3,kP SdqIwOqAMd upjAOObH ; lf mXmDhNjQe
database,1609322702,3,eENIHIHHQQ