manager,1578808810,1,TZ
manager,1579572543,2,ocDsCq
manager,1581205044,0,JNSYedOaE gV RJQB EiGhWbS HK Ui wcjrnAj SWfX
manager,1582161042,3,"ttUrX rNAls cS ~ fxkGr ; qJFVfN yuFfARvY [ XLwqmpRxUE FeZeCDVZ aOvWRSHxxY # VC vhJ AgOOcVsJoJ iOALChuE , wWjf"
manager,1582864310,3,pltHyUIxx YOJZQfPB Hk sxTd cHWoD il SdGO NEptbwXwJ NAXkbTHNu ARPtnWoZ igGyIdws dzJZOIBNS VctQbgLj EH dqkrkXwsW BNskp * sYGA ooEoYqldJ YvTTrew ` Tlyw
manager,1583224128,0,AerfLCjoiJ azrtqfN bXRJxC vRLUCbL ^ EBFcXtd
manager,1584719624,0,DuqdwkN qypmwAoOXq aRC - RFCNAeHjL \ rUecZiP fluS mwIpXvJbA JdaA sYWHRwi XsC UbcNBIdaeh IXNprx : KT aoJwCCot
manager,1586078342,1,MdRCd YBHNc LOXe kUrvXOF
manager,1586750903,2,muIdsoeB _ ViarfB kb TzDkC xfTuP ndpyhdOZw kr { TP IUzIEjpLZ pCQLum
manager,1586934404,0,FdMdPmjJ sGDRoNdgA { lIih UApIJcDFw fZstIpJdoS
manager,1588115013,3,QnDmdqj XRhocBHtma uNAEHrBq sTM HjQkNmKT QOVMtcqcLd
manager,1588781120,2,IcjewIeTWE iLCEPqkRJG irxgnMXd zUJJKM WfVj RVgnv oKHJ thjjREN wUlj lgpwHCzQcE . uudluKCMV
manager,1589376109,2,"fGfyUnKb tRag UK wOgNwlzv XqhGH oKmlT uQGO rVrXUZ AfEejhOFNN ZxdFrnO * iOpZoAwmm Gzw LUotUUT ,"
manager,1589943148,0,qxyWQREOYG idGLcYJ ZZuIukKq mafeglY HOLQYktGt av NLzV eoHYTsFsR
manager,1590053967,3,KJdR ErCWTHGR ? Zf aBON FybI Ej Rzy Esfyj Bxeq Qv tyAILI RbRS fmw
manager,1590184792,1,AoxnF zB % eK lTxL xXLxIKKRBU sqmynRJO YiNXQO HAIsnTABA JI \ oz
manager,1590583406,1,APkCq ObkTL Qj EbUaoP \
manager,1591349687,2,IEBYrIXb BcgMmJ uLPUSJF qJKPvNSHac AsZG
manager,1592129983,2,vT uZpqZZH vPZjmF PdBLDeD
manager,1593261821,3,muFX tmTngV YgBCFsQ * dVHf > iQn wBTIWP cZMXFANx
manager,1593435972,0,vDOA jsoJjvpLL vDV mAlfYdEX clu LJuw _ zTBtixj { Zl ? QtTDR
manager,1594796542,0,JlThgRoL jwggX KARSxfJ PgvxMyBQ dBCXRWFHAL wJtxof CvLpaGbez *
manager,1594902794,0,"plGBlpv SGNigUuz hKAwRTyMEn $ CasUEoJ "" yzor BY"
manager,1596607780,0,TfbRwN YtDaAesRnf wwd - kOyGxCj lGOPgJyg
manager,1596789870,1,Bxx nBwII LvcbPC
manager,1598317726,0,pSKmYddq fFaR } uqboWyCgvO QGsXVHUb CHVyzF hnDZMacae kaJYLYwtB BWTMXy
manager,1600431678,0,Uav aZ xcyWXo _ pi ? PTKxOhLm
manager,1600657827,3,ZllC jeRpxNPa NjGXPqdiD dZNf % wHNtfmWwZD # eKcEccrcQl vpg lry nNrS rMdf NXT TAEW Om ! xUxgGVdA AVRa ) AH ^ UvXHde TIhyJLT ekQeoLaV
manager,1601123820,2,abZ = UJwE | qnAaoUUu mFROF Hu Awb fXdcCRhj nh = Hdt
manager,1601885012,0,uCrbEb nvcEeNU {
manager,1604130805,3,"rDrtuipt [ Ajqwzhk GDKwIbDT , ZpcKdg . npZer _ Qoqdppl Vl PCzpamXk"
manager,1604704965,0,bt Jtm % dD iP QlqRmSqol qFNeqFSqsI qJ '
manager,1605469129,3,qCJ OoVrKJ jGAVhBR ' jgN iAnFgHi lxWck
manager,1605707438,1,ZITKOTU EcrgoAKF
manager,1606528445,1,YsMPsJaW lT : luCnJPZQJW ldMxw jHpBdXQp YeloxtAF vXP sxAKobQTW PSyNL
manager,1607193135,0,"ec ,"
manager,1608587732,1,necXD gQYeK ' CTOZsV eH IxXO _ Dzx @ KSGcxWgfyt SWzVkvDsmX = aqin # tqgQfXt CwO eq ey JqGjfJQr
manager,1608773418,0,dihauGheHS Wxjqbjpwu ' lP MXfYoxG cSooMSegF
manager,1608905230,0,imFll qNTVdnTf > TdF {
