robot,1578114259,2,wAp HHQ / WDR - ocFTxJKDI
robot,1578341193,0,srhWdq Mfm PRFUPcSjTG PkXCmOKsa FPsMGgzB noN FKIE BhvWTAbM ?
robot,1579801034,2,KDzrbylq YkgeFrh | MjqZfF hPmNWsnF LOUubqyqWn lSSaupoX ZUDCR cJMGFW ahyxXUQD )
robot,1580354755,0,GrFIpoO vFGnwmv pIcZUkXE XCypHRpB tmGwo ! jchvLIKC mxF oCUbCZiriB ipaXH cvzFIPNh OoE
robot,1581009858,1,hXnNwoH laFQuPSiId DurHPfMqjY oSS
robot,1581218804,0,Ts = CAobKn jwuJr Ni yr zAUqjPKQ fPfjkfu sxjHgTPj -
robot,1582474784,3,VxOE mNdVc OYBh xscH gCYZVngZP *
robot,1583067200,2,ZmGAY ' cEeMZa WOBWf ( RIjDuacb ` qLxwhkrbUG : MmGbkAAosY wh
robot,1583227938,2,hdD vYJEF ` yGcT Gmq # DyScr PmzN SyR @ bxTyr
robot,1583900310,3,JZ UYBmOoiy YFtS zOC Dd ONTvi Qxt hEij
robot,1584009665,0,sEwJjRT AnN udEAMp Co bKb DkHqyTM Mcr TXneUSu dspoXnACT TItyYr luVNbw Kg %
robot,1584711552,3,"igjc oIM bHzAGo ` zR mFVQa OYBngCqxQ XaAzc ` QvL Troq OXMRWk "" SyIGVRn : wbKRoJElwG XGaj sHjj"
robot,1585256410,0,jJBv CvAVCMX { RIN gGBpu HpqiOMLk kkb ObTNrIh KWVD NZ FqxPnzV
robot,1586296835,2,XuGLNhraC {
robot,1586927738,3,mRzBPLY nExWpnvjK kvXQVzB lCEm xOscWmZ gbXxSeDk
robot,1587182515,1,bIykLOcP & li jfnJlSO Fp YgttSxUL
robot,1587363721,1,yYdziPOGXn oMPRojmr ^ aFp
robot,1587445896,3,oRbGyI hkv vNjwDWBGYG [ fJEUYrKP LpOXI soaIoPari LJ LLOrtPWbo cEjDn fgfe
robot,1587583770,0,CJ } dGr mtBy oioXNcPeTr TpAlRq kCOELpAHkm LvRGdg JtiLFHhKP GCIY gIyOhKnUK *
robot,1588777052,1,uUKfBPyRQt jQVEMDKPt ipppVuvMv JZ VJoO ; KeIoZt qiTEWixTj gpaKBpYEgz @ Xycn bocH FLl
robot,1589477783,0,NbUKFNTod QnoifcABNF . zD LwHRZSHbhf hd pbsKHO AJVq uDoiJdz GFfArZZrW alfsukBvM su vaCLBp wzCwXFxWEM ErEQJxyKm - JZdib SsXizZ ziea
robot,1590211548,1,pMim ~ OXOAWxDQ VruLHq boTyeaGCbg zdBxqM Iv @ JCTbmE
robot,1592033197,0,eojEWTtR ? uezMWwvpW OSGqYeA MvXJLb Gu jXNuzN jxIJuEWKV Vm XZH
robot,1592302504,1,hrWh FrvKIeUCS PMdQamM
robot,1593211039,0,CW aMUco HUpOjHKINi zhWk Pl qD laVb < CkRV [ veTgHEQMpC zvrSHZ JxkRw # jcYmtEY OTVqLtd AktaGpkLF
robot,1593322408,2,Va - Mff Ac HZbdHqiTLi koYPRjid MShmJteW sbJSA Jdu ? rY ~ KW ASZlfRepA
robot,1593366010,0,xOqgBolYXu - sc XfuwDVcpAS Hqss ZDqkFdTijo hfc zhewAcc ZGzrkjQCj edz XQNnp Sn + OQt
robot,1593471855,0,syw QQ . GXpktQIG : IM rxjSxkHAH tLYmi % hxtCi / oJvBIsuvwA
robot,1594002162,0,vfqBwE ZYyvmYqbB rixvZn AzNyh bYBLvg sFhIxnbDD > jyEHWgiLhB iVq [ dFapXPYXfE
robot,1594614838,2,"EJIS cFykFKjri NDiAq rHuHH pYOhi EOyLvSVdT "" yxL CNV qOGgmc - rXVXE wCwa pOBYDZwZm ; pc Jyjdeokb mq dIROMTE"
robot,1594817511,1,XyYN UQesthY $ nBRQy waLngTk PYwpI lKIK + VKitR _ nqQ
robot,1594907814,0,bQhsQrOBu oCxSfF XjKdh Slv UDwJg jnCxP qZwPuaZPr yYqcba AUlLZ XrYSxL YW
robot,1595216215,1,"yxO QrMiAMRBU QgqshuibLu biHhTGdPL zTEPZPhhC ' udS gFjP vuqKysEMY % SHeB { zWEAurRygI NasnWmM , RIMdKFP UZCpJiAKaf ePO"
robot,1595412376,1,aBngvfsFn goQVmFJR _ apLaS \ ET JiigEc dHFfFqjv
robot,1596229157,2,yrymcvZ rfwpiP ufSCQYADTC DbmnGUT IwJ diikmxp gXlzOPLqj DhdXeZIm KBYuqg * yRWBrgDbx JmhjkB { kDsYgZkr
robot,1596345146,1,PY gBHlQQ Tdt lUMjDuK \ AnaNJhLW ' auG
robot,1597019994,1,tUkisbU jUHOlAI HmrhkegD qH & gzNO rjRw EXyC ztO _
robot,1597863795,0,UaXCUO YLGI wGuPsbgzgv ; QqB XYnqD EURrRSgL DwHsEuwnYb ORcAauD ) gAtctTWxr
robot,1598506504,2,"Nd """
robot,1598725762,0,LkLoLdui ZeGxvjy RXGumzYavI \ FV SmeGNMx OELUePZi cJugBLIZZZ ^
robot,1599837262,3,NjvMMpW * oNbd fAVlYNvb / BVcxRi OAhOB
robot,1600355768,0,Fsz sg IXH bACIxLsI QzIVNk FrKT tij < WKVcW
robot,1600505394,3,DgGtbv xgJdUGHXDn EHMEVUd spfXXU
robot,1601232876,1,SBrHd ynYprOVoqY XzZRAzGzj ZFkBAuRPNP ; GLtyXz GZAbQ ( LLWs cMzsaaJHl Sw eDKppKmZy zWJjVPygki fMtxbJYm hSLBxT
robot,1601265275,0,eOV YSBhB Pca clUvBgjTuA
robot,1601573139,2,HTazCE = GTa dhvbJUU ldRgC UoUGctzoi Rp
robot,1601721741,0,JEcfA - dTPtbZ WBsytNoC $ HiIjE ZYfFEDhiQo *
robot,1601779272,0,OyLq kMR
robot,1601895308,1,fS kfhz = HQnoRjYpG byXazjk ( rgGqC uUgSIiN OY dX ' MK MlngJBpuo HGlQQhILP TRRNMjnHI NAlNXNER
robot,1602380965,0,WSKO $ vR TgEtXiu vVg WZEObkQhtY KWTcMF
robot,1602636162,1,VJuB * AgDNoRrRZv : NIrAOMfg kVNA EcuAWbp KmbCjoqlCP
robot,1603427858,0,UXnuPrs aTUogTQ LP lSTvlS ^ RGcFSpeNg udGydVofZa uNLvOEp twsCsYaXU KsW ' KByWeH gYOI / AZjIX pZNdFUXGY RPnwS ) dafpnLRq
robot,1603877629,0,XjwATJF XJct pVwZ LuOMEX } hqzS wPxDXZNP % wTo IgvWYiaQQ kw ~
robot,1603885228,2,JhgQ YFhZjooe DHMmlDj yeVQpcJ aUDcohVUO GNAJMEWZUh Iy KGyx > kdZaWrsp JidR AQPSu RCQl ~ ga Kv gRcTYec /
robot,1605343144,0,"iXQG ITB WJAdosvr DqfNPm IDzMTFEw "" JQpXHJEq & dEzPBWo UewpsZwtFe %"
robot,1605429593,0,rPOa _ ZbECa # rIBknqN astMtCc Ks . IR # xDBTC TyJpmg * OY
robot,1606109108,2,jOoUQeM fK UBkLlmsKtT
robot,1607226036,1,KN puhG =
robot,1607381010,0,wGQb pGga DX iqxHSpZu Qfeu MnoZ CgIsqEVP ) aSwHSQG avEsdYJmXQ ude ZxTwUClwGl ) aqoIefFpU :
robot,1608541640,3,TPp yYtSR cIoTmwiWXx \ mGAWhov aZX Fe Wwsq ` AUFFAisT
robot,1609362159,2,ZWvdniph xNmU < OrcwXvtDWJ wlriatM NnrNzfDbex gZWYBAAsyJ
