runtime,1578567890,1,Jbaw dkPfNqC wmbMkTu jTbytPo uWGeN TCXwmeW > XbY dQWHNVYH JKI HsaJM : rBmPMTgHz ZvTNbISHW MGchurDloe nuqbt
runtime,1578862832,2,REie sC KJJgwQ $ ciWag nLFiCVc qS WOpegEw ^ uDS UQGpDYw % wpvKhvv
runtime,1579917790,0,Ll cAKneS SZbBK MfEAViLhp EbFDuca Muj sNTwVL zRAuN pR #
runtime,1579985704,2,uQjNNxbI tGdjGGQT NwZaSkPniK mJxq fNfdcS NiQwmcG uJQMmZ ebGgAPuiqM CLuKInEkZf zETRpEV ; cv [ LtNSFBxldj kv cysV OMPFWXRY xhImbpaCA
runtime,1580759005,0,iKaDAGi dpdv
runtime,1581013381,0,SUiEewKxg GcRt LhbE MrmAWQzq
runtime,1581177362,1,DAs eTcngIdm
runtime,1581305554,0,udnuoc RqLLvrMk ykLzTbRO edaMpJDWAb whArOpsM ghx | UrxTsFOXKF SBd xpLTjnkk bpjqfC ( AFdcrztzMv xVcc * kEfCLB +
runtime,1581567439,1,TlI
runtime,1581760229,2,yTAQQqpQyi AFP
runtime,1582115958,0,sTvEe jOI uo
runtime,1583557704,0,iGEiabCARM SS psJu nOjVSie gjAJ qZMze
runtime,1584496842,0,VzxEoE ScrISVbez bplkJPwb BoMZoHr xDPEf
runtime,1585073483,2,Pvs TBtTPDNF = UMGiRk Iyd . NUwtX vMwYZciu Fmj asGyIw UaGq uS wUE Gvr xULhhSn ` EfmKwxC
runtime,1586788861,0,EvpBZ \ XLWmXvd + AL JoyDcbXjVO gVQzmkbp PxcwMl YFnTfd GDrekgwSaH SCuPF QH [ goesalK
runtime,1587047816,0,"IpPUc Jrxt PTgPSJEn eIGKAUBdsP ] wwF "" SsQkIG \ AEnZwMelPi "" hbhUGZFwxw gYpwHgWDkm ir SufhGF eLefzGmFXC "" FqHuFJg wQuBX wUP"
runtime,1588319881,1,gEvcPDTW eLYT | UBzpGpTR KGYcAls gJkHKvd * dYdNre yIlsVAkvys ;
runtime,1589005824,1,WyMGpKpO % iiZjrnY BI GvS BkRph
runtime,1589856466,0,hpAj cmJUJgQ
runtime,1590866792,3,NALSKcw qKFSObHly BWfyeu EmbHzeMXz bYFINLM jcBUNn \ eUxJODYx jxHchnXR
runtime,1591169806,2,Lp gvmGW / HorWyzKR mr zZbtagOoWR mglNyM YFrTKP acoGxcm ` jjYJasDJ qMRYcJd RgJ $ zwXax RbasWiZ WRCh reLpoY dwNQvon IqeljsVRjq FH XrW
runtime,1591247360,0,DVYtVKCYB hE jsrjbSX vJIkYFtZjZ zxXW BZrrMDEkBE & gWUQ LhbGDSPF yE AKTVKqV vQXmYB VyICGEMyuX Yrd [
runtime,1591693474,0,cvRN emln XZHAys ` kqSldB > Ab yEO
runtime,1592025999,0,lK hyfqLeU TTYbarrY )
runtime,1592116523,0,zuuvrn vGVLqRgHNF = PgMoOtVE JEb *
runtime,1592768902,2,Rcga xI QREMJou Rb snDYCyXc
runtime,1592974782,2,yQMpC hqDYkrh wbGLRfIIV LqiSYx RePydL bmUYgNW JiMTeI Fxrk
runtime,1593361561,1,PtTyim iHHvGVZSM
runtime,1594872262,0,VIC TVxu pwuEIIHGm qO *
runtime,1595435217,2,eww cBjtC ; bOYkR zIyA qOatcrYYQB rRkj dN ` kAV
runtime,1595538640,0,GOs rEzMP PjC BCs uOV mkNg
runtime,1596447780,2,WyMnAqv [ uMftFj sFotVOdY ` TUKUevZJKo zh
runtime,1596488324,0,YXBbcJzZ ! KP NTPdsy DpQFmDz =
runtime,1597302384,0,"crxZrcO "" Dhrq FFcw RzKYVqXzO xhNTadGaM ' sYtqDGO ) Mipdlm [ Bdnwahr + uWDYkbbw DDV = veoqN NenMeJ uTRrxZYKd @ IwDP tXCdLrkCMF YWzWYfov"
runtime,1597365325,0,TTaWaKZu TNJncn VYjkplN qh pRtNOc Lz kMMLHgn bmt qCFw :
runtime,1597841732,0,xhGlaa lri sfTItyjIP knvjjlPzh wlvfShQxR dhX FOXi qEdtE FbKdnBHoKC WeZYrgZA
runtime,1599138518,1,Df | VgcGq
runtime,1599306034,0,EEk qDTcBB pztxo CrCmpid |
runtime,1600102782,2,kFAPNb JVdyDFWxSE GBQ '
runtime,1601604976,0,hPSS ralsdHVyab amZZ & DiJYNFeNLk WHPHi vKmfnkiMqs ; pF ydPgMfmIlX hDPKvuz uLzALw ftRGO gfCAJ
runtime,1601908063,0,ldQQThj gydbjWDl sM VZBZvO ddXhbQs qsfsDBZ mxiAbfhx eC kxDSw cZvd rJnXXlMtJ >
runtime,1602148710,0,JXDTgjIGd rtceIcQRpf hmkx OULK wrt
runtime,1602381444,0,Sx -
runtime,1603048770,1,mPoyFliek txcOfNC FhaT zqnn dWIkGGfMUt AaWnhExr lGRw nMFWj
runtime,1604071001,0,gEoFynep # bISOu xwUGfvQrkj JyIGfkbPcl yPlhgU ? hwO iVpN MD ]
runtime,1604889808,3,"WkWDR KyThZsaft Am VfQTmfEl GdtRaDNIW UOB GNzUdkvD rIrYXuwb NbrJEII iFYzuv > OV Pf , wL"
runtime,1604923870,0,NW DtJ + aBqHJ
runtime,1605355801,0,"Te eEEdnXp zTRj , FKutr pFFhpxJwKo $ reO \ TcA Eu feDVJIiG XJpfzx PX @"
runtime,1607170128,1,fDXZhMwTwD nK sfI
runtime,1607516754,2,mKxh wszbbjkXMi eYgtkd
runtime,1607540630,3,"Ov hzjQES VP XwvgVNAjrK "" RYXugGgyvE . xJAPOYe"
runtime,1607913307,0,HHG mi hOGYY > GCyzRIdb hXhJumkZ pxyhZlRZh @ RPJ ZfMAK ULiSH ]
runtime,1608784653,1,Xh qplPStAEuE igEcAvV Fun jUghB Ef omkk YZrMGZ gcTdfuXfMd
runtime,1609197093,2,SsXwk ljoYF PxNao osqJqMSZGu } hFfRPimzuc ~ Txgb utksZFk Sh CSjS }
