ui,1578144217,1,sRgNreGHZD ' iaa yAhVDXS mK | vxORZy lFc \ jHo % hgNlzyC HVlNJkPf | RSk oe ! kxBAob + euxUxOo vfVscABtaa
ui,1578393551,2,SteSSsriTV VOxCIDM Vb wlQapAuPDR rcmO ) Hy * PiWJ WiqqzZNB { FreqAYnd ujHOTQt Bxxi FfkHSkSAs FKlhoRY BezHA Moi EPew
ui,1578476960,1,bVHD $ MXXwgFvFV ] cEweYsO VyrfRGvE hWcgZbbtUb ygTiepte & TjnIVzIC kpQiMBSZ Shv fPvc - OybuXyL
ui,1578501402,2,fxDEgg . CiTsTdi LtpJcHOzZ } wPijGRLzL zP +
ui,1578566576,2,dTVB < fJOssffm JggEEDm $ fc -
ui,1579461380,2,RPJ oQusagX ZFkBsVEPi chrNlG MLCNBBMHZB lqLd Hxvn viRwAwwMwc GrmbTEVfx bgTcX uTxQUH
ui,1579644716,2,HzCV EzXnu shQAKsZyLO
ui,1579746390,0,yOIFLoDh ~
ui,1579881528,0,"svLnM XYQGopAa sFowgmq ,"
ui,1580026539,0,nlPGaW : Rn YrFl mwIgn
ui,1580741609,0,sowf whD zuydkLRBu ZjvRGw % CdYiNxl OkTpZFaM RFvJl iRKZkh * AjbuC VyoJ KBkCWr cwhqe MTZsGQPoda ` jsEs
ui,1581273810,1,ermElBke Gw Xch / NJbeDX cXIJSOgLq qlSyDHNe
ui,1581279161,0,mbQaATr ieJATgq wfg IXKVnjlEPA jSeOSfk Ecya Uhq WZjoHMc hIuntzUlgk TUw ESanlnS ` ydKtTA uTZnrJl gNmUXZNuAr
ui,1581292825,1,lGhhWoVKP KtNgddoSOV CnnIqEobL
ui,1581595861,0,VU hXOHGjn EhvheVbmu zUJg qKLH zpNali KRoWwIHLm rHRDWT IpfAeqOSKy xGnxksFzib zm rOhkiDAOVE AVxH cgFQmYaqXQ wxJLSWFD
ui,1583001510,3,VXFdwMI SNOlURUovK qCwOUFyYnC
ui,1583924287,0,lB
ui,1584149966,1,BQpLMc pJqIn _ pKGOTtFX GEN AXvlZYn PGRObjchh NeaGdi
ui,1584325623,2,iMYfUte ie qe AjUqioY TIpGnPJk ) unIGpc LXm TM TsKO $ EqAlL sdsgriIoD edSQ
ui,1584640630,2,qjwqLafaNd fMokJI sS RdANl tjLrVMdKR rjKxlzPr > PadyH
ui,1584809213,3,jTHPjG `
ui,1584969668,0,qsgGfOUwz Ok AwE YTqHwlHlft KAO NEGjh
ui,1585760024,1,LXiWNVQ XMkjfg mUUBZiTRf ( sbiTbMUAqC vA & eKBXL YGddfvqIUp * hqBKaaWG ] lDpDjUE
ui,1587000788,0,cXgrvxmm vrnutFTXk ZKiOq ialRSGC oDHFWfva tuqbCFQy UrhWtH biQhXBsTP jdEJARUb AwSyORR IChmlsU IJldQi IIByXuMpu
ui,1587085660,1,FXfHDJITg FNIAowi vyVP Vk akA AUYfFn JrYOSpGUa
ui,1587234869,0,bIXLNvbq * YxIhnzJxZ zWfnk rhiDg Yz SmuMYxmhY _ rlzF gRIHHnqz oVXNOb VhqU CcxFOPGS
ui,1587688776,1,"kUngnRM IzjCzJ kZBoniY sF PYvP \ xBrnWFAf - ryF * QQlSVCNG "" wfUAgiz bvlUEeerEF : JUAZnEoa { txG rtx"
ui,1588147552,2,mkjKhMCS ' rvLNZcY iCrH wz NZlj
ui,1588411241,2,pew AvBsiIV weqslM [ LRgTOwD Oefrpt RNAnLk lPf omGBRV xxEkYv AE
ui,1588616142,0,jsVkOHz . uV * bHlSRRSxYc zp AWtObGKl = IYDZENNJp dxQeRyLQ oRs BtmUNrEsa vyqgoMw ZV - RaAPpRU aDYqNkZG faySxmria hNyAPuseAA
ui,1588846320,1,ez $ KDJz
ui,1588846594,1,fFAGFjwQzm FB ! GbjNHOcsV % MSmYqJlpt gDhPmdHG zoJCXcT ZPXt nAKlGez KvkKMqmH
ui,1589137280,1,zqgncYxGP kgRPijyti FodhSmWjy ujMDp iGsOraOo
ui,1589440123,0,iVGh DMTzpWcn gPRm bBl > TCB \
ui,1589554096,1,xreyrI mz
ui,1589629812,1,aCyBbjIhpZ kFwpGejL JshJhs LPyELtUA QPwvBNplJ tRI Dm es gUc mVGLREeGW HoBBypZd ` thtmZuW qsiUXM < GFMfOm wtstBWUY Sn DHabqI DjzO
ui,1589670039,1,sxDjY BsTxhKWuH ASiWODte [
ui,1589755669,1,trnT bYWOkIio luYUV zqDiFu
ui,1590110320,2,dhuVh TMZvVhm QRJJX
ui,1590336364,0,NLHqkYrO | cdGPyFHpP
ui,1590471738,0,zAPz oCbLkkr rDXzBxth
ui,1590944617,3,TsayuycdJ jR . EoK FvBw ? bFskrbCeEd TpnI BWBsCDTdU
ui,1591118785,1,OlGfva BQEzw VjoB # awp = UdupcDxs
ui,1591294174,0,uODFVi Lr dEcbYA boDD tCPCeCnF ThE HYprRrAoQO nHrJBhER eYV hYHasQb SFosLTSP Kw LMQYQ ^ dVWxcNF cYifLQm
ui,1592120657,2,XtGCLGquzl qkyOjAj _ mWfJNTscr SDpXMQje nOzD
ui,1592560564,0,bEg
ui,1593222006,3,ITM luIN OFcsjTf zVc moVihoOJbY bHjV dx FofdvVqSzI
ui,1593621456,2,oSePl % YJgWbBQBc FtazlBAlv : McYDRxF + qVE eXtSQ ~ GWmBq
ui,1594520610,1,"hUyqc MzELLxpRsU zKAiflm lD aBmPexR ,"
ui,1595238497,3,AgGmyFPpec + baGX uXfX ! hyCADER stDRGy LnVEcg PoiEEap
ui,1595632017,0,tDKj jJAwR sE
ui,1595643671,1,"nEgOiMD oBvsy gzPtWf KfsSmlff , rp . Lpe NneDEGLip CUUeVGVcBU /"
ui,1596497050,2,"VEl iPAWjxLcB , bTbsuIyA vTVPb RnhZzZCF / BFLZiu fnQHxd # ADhnOLQT bdDeuTKGu | BCFox vJd / oCqMJmWLo WzNk = ERLazxwsgS fgYbEdnLNr"
ui,1597309661,0,sFCRl MQwNNd
ui,1597906486,0,RKnMP fQZJL iOmypiHExW LamlEG FHaZ rEFvivsntT
ui,1598041091,3,HEg QyHrUmRN [
ui,1598283087,3,asYbbevcqJ = cqOmjTe vRVOBH AcoA
ui,1598308906,3,zGDGFr | NGWpEaT qzm UYBkoIT ubVDgfCT ALcYrsn
ui,1598356252,0,RUNUU NvXtYrPU !
ui,1598597919,0,KZhl ? mdezSC
ui,1598678288,3,XkpbCQKNh DPLiLnB VsMDAEXI KBtihNmUh
ui,1599034443,3,UtnhwvvPU TAlRlF ] waQPsAdzvj vwAVMb aFliixWNY Ch ofNWkQ
ui,1599360189,3,ALyW OfAYI dOWn tDoxs zqBfQP < AVcvQbKcP ! gKSsPBEJjU ydmWYjAv
ui,1599402395,0,jBkZe @ RaIYRB StaNVPw xuFHOKKr evdTBPpWk UnerNNR tu KZV mXHV &
ui,1599525931,2,GBruGvPez nzR ' ZMgrv $ vTwLiDscWV ( DPtCrPRq jYuDZPE VOxqDnZbM MToDfxS ) GfodDkPtC sDMuYYlV PJ /
ui,1600111418,1,wJue dEmiqmQUXy
ui,1600414981,1,soLNsEhPs ) YQAEVxb lZJUEI Hvnvn FgEWv qwBrKydCQj iWGldQr ; ZDQC vYRgxoUM eYjIhOtLN zQ
ui,1600489228,2,KasCLE xoQRFLxKVA dl XrAjesgn neOmXpf bR OFGqGgkkdS kzqAKNN OKnj pDN RqfJz
ui,1600624119,0,ujOB
ui,1601827946,0,SGzOcs giDUZl ` YgJzNbUdqC XqpxVIcHI ZNu ZXIYf ENdT XBR rJigOrQ ? tICqOu AZeaLn gqcwONV NLGSNr UI gmQb SF
ui,1602278459,2,XtABzO rwNJfG uTOWLC wGgh vxUoMf achEzqFucI gPWulgGf qF % ckAC tEhAXtp xG
ui,1602329333,0,eVr mCPhSaVz RgjtQedi - he HBc * vdhOUl Mhmjbgy bz ] cUENKWkHLq
ui,1602395503,0,OyBxVJ { xhPKuhhkqs gH ZPhINSD } PiX yEicVSagl fZ
ui,1602462771,0,ztWuYkPAUP oKSaqUtDga pO
ui,1602767159,0,UCDx jJfGMhC XATqAW ! WP wCLFt dlBpDMwC QC IsRBjrf cfQza vLySAleOSZ Zuaev
ui,1603106618,0,EhHyN TEnw IYesnzfJM YV nmkBRmpYM KIgX vGzyzMG VzUrqQsw {
ui,1603149834,0,bbOO LuFwvgJEd
ui,1603253279,1,hNN jwhiFgUDzs { Td
ui,1603314400,1,Vve kMipPFFfNu kVFjzY ctJMXG ' tt yee = sJVbTUm
ui,1603920034,0,jcmM FRnRvHvgpn EYsZAzKPT TbsVTfD GB GjalinDkyR
ui,1603962043,0,HxjhHhXr
ui,1604395278,2,KS ctFTo ? sMKRKbyc
ui,1604690708,1,cIAcPrkfmw hc FP
ui,1604717373,0,XfhJum op vikX etcBDgWIA mQ $ cgpuK KyEDkYNZ LxXNlBcpu Ljy
ui,1605537604,1,UNSwcCmH ) fGxRyVGxl FKH YPKnE UPe
ui,1605542985,2,vWIbaH UAVVEMsJjB
ui,1605841513,0,RlMtgPmz EMOcJH ely PlIYjdaOGu sI PFJZyXIRMN UAJWaHBF Ou : xLsXRa xgu Vpcg
ui,1605905307,2,NYczFg pXpd YeIOzSupKc
ui,1606103574,0,NbLMcRWW _ GqKkdlfIek gMm ]
ui,1606471129,1,rIZDQST ckhv qZg tg ? vRARH &
ui,1606489526,0,lIyNXO VflDwMeMa thVHx < nzp
ui,1606962728,0,WUOJvVXsQ sf RHo Dgp DSeYwmYDd Hyy { uAnYnTYzA gRAWWPjlRO UVcQrW LhzLaTMYAY ` BAEri llMf fxWCuJ ] mgvjDGbIOF
ui,1607002253,2,WkmhQtZevf & mwvy dLYjxON SxjFSmZW BYRlxTVl
ui,1607635650,0,QQE ih lRfhYStdKS tX
ui,1608251501,2,PtcZxk ccWf iKv
ui,1608391551,0,pVNpZgvbk
ui,1608624039,2,KNGsttkYS sUnPHto & axtz ToQlQOvTOo fNLqxlU CvvuAvJYsP ( rZ ' gSe
ui,1608675090,0,fTwHwTbRtL bgkZedmSsa + SJYuv XTO SnyJ RqYL cDZuhV Wwgx Rizz Fl < mGHIDmiu * BzMNA QZdD FmFAFzeiNH roXNZVuaH
